<acceptance-test-run title="Looking up the definition of a simple word" name="Looking up the definition of a simple word" steps="4" successful="3" failures="1" skipped="0" ignored="0" pending="0" result="ERROR" duration="59167">
  <user-story id="lookup_definitions" name="Lookup definitions" path="stories/learn_word_definitions/lookup_definitions.story"/>
  <tags>
    <tag name="Learn word definitions" type="capability"/>
    <tag name="Lookup definitions" type="story"/>
  </tags>
  <test-group name="Given the user does not know the meaning of the word &apos;banana&apos;" result="SUCCESS">
    <screenshots>
      <screenshot image="screenshot-df2849a1c94de7e9d0d8400dfb77b9fd37a4f994ae28a9b2c31f107acc549ec62.png"/>
    </screenshots>
    <test-step result="SUCCESS" duration="16623">
      <screenshots>
        <screenshot image="screenshot-df2849a1c94de7e9d0d8400dfb77b9fd37a4f994ae28a9b2c31f107acc549ec61.png"/>
      </screenshots>
      <description>Consults the online dictionary</description>
    </test-step>
  </test-group>
  <test-group name="When the user looks up the definition of the word &apos;banana&apos;" result="SUCCESS">
    <screenshots>
      <screenshot image="screenshot-735067d859d3deab2408dfc9d2d7fe48c0b932ed3d19652fa1abb5136edb1f6e3.png"/>
    </screenshots>
    <test-group name="Looks up the definition of: {banana}" result="SUCCESS">
      <screenshots>
        <screenshot image="screenshot-466ee51e9f380d32cf5f453bc43e6d00a1e0e7542fad0bd1b7a4b6ed669c64584.png"/>
      </screenshots>
      <test-step result="SUCCESS" duration="1351">
        <screenshots>
          <screenshot image="screenshot-05519a68fda62d7190b132cb8cc078794587d162ba3b60488b080c3632eccb196.png"/>
        </screenshots>
        <description>Enters: {banana}</description>
      </test-step>
      <test-step result="SUCCESS" duration="6342">
        <screenshots>
          <screenshot image="screenshot-f847b2c26ce2d7e6bd69708f32912630bc09d71b6be858ea21e38ee56afdd53e7.png"/>
          <screenshot image="screenshot-f847b2c26ce2d7e6bd69708f32912630bc09d71b6be858ea21e38ee56afdd53e8.png"/>
        </screenshots>
        <description>Starts search</description>
      </test-step>
    </test-group>
  </test-group>
  <test-group name="Then they should obtain a definition containing the words &apos;An elongated curved fruit&apos;" result="FAILURE">
    <screenshots>
      <screenshot image="screenshot-83da64e94c27ca182f8cf72bfe7682c9805d4d92be75f260fb4f756bf5d857d311.png"/>
    </screenshots>
    <test-step result="ERROR" duration="31493">
      <screenshots>
        <screenshot image="screenshot-a9e3d17e3a7c12650d2bb15d78fdda9baaa3d2a72acde73a02cccbe758047d2712.png"/>
      </screenshots>
      <description>Should see a definition containing: {An elongated curved fruit}</description>
      <error>org.openqa.selenium.NoSuchElementException: Timed out after 30 seconds. Unable to locate the element
For documentation on this error, please visit: http://seleniumhq.org/exceptions/no_such_element.html
Build info: version: &apos;2.31.0&apos;, revision: &apos;1bd294d185a80fa4206dfeab80ba773c04ac33c0&apos;, time: &apos;2013-02-27 13:51:26&apos;
System info: os.name: &apos;Mac OS X&apos;, os.arch: &apos;x86_64&apos;, os.version: &apos;10.8.3&apos;, java.version: &apos;1.7.0_15&apos;
Driver info: driver.version: unknown</error>
      <exception>net.thucydides.core.steps.StepFailureException: org.openqa.selenium.NoSuchElementException: Timed out after 30 seconds. Unable to locate the element
For documentation on this error, please visit: http://seleniumhq.org/exceptions/no_such_element.html
Build info: version: &apos;2.31.0&apos;, revision: &apos;1bd294d185a80fa4206dfeab80ba773c04ac33c0&apos;, time: &apos;2013-02-27 13:51:26&apos;
System info: os.name: &apos;Mac OS X&apos;, os.arch: &apos;x86_64&apos;, os.version: &apos;10.8.3&apos;, java.version: &apos;1.7.0_15&apos;
Driver info: driver.version: unknown
	at net.thucydides.core.steps.BaseStepListener.recordFailureDetailsInFailingTestStep(BaseStepListener.java:438)
	at net.thucydides.core.steps.BaseStepListener.stepFailed(BaseStepListener.java:426)
	at net.thucydides.core.steps.StepEventBus.stepFailed(StepEventBus.java:293)
	at net.thucydides.core.steps.StepInterceptor.notifyOfStepFailure(StepInterceptor.java:360)
	at net.thucydides.core.steps.StepInterceptor.logStepFailure(StepInterceptor.java:274)
	at net.thucydides.core.steps.StepInterceptor.runTestStep(StepInterceptor.java:262)
	at net.thucydides.core.steps.StepInterceptor.testStepResult(StepInterceptor.java:125)
	at net.thucydides.core.steps.StepInterceptor.intercept(StepInterceptor.java:51)
	at net.thucydides.showcase.steps.ReaderSteps$$EnhancerByCGLIB$$65de4235.should_see_a_definition_containing(&lt;generated&gt;)
	at net.thucydides.showcase.jbehave.DefinitionSteps.thenTheyShouldSeeADefinitionContainingTheWords(DefinitionSteps.java:30)
	at sun.reflect.NativeMethodAccessorImpl.invoke0(Native Method)
	at sun.reflect.NativeMethodAccessorImpl.invoke(NativeMethodAccessorImpl.java:57)
	at sun.reflect.DelegatingMethodAccessorImpl.invoke(DelegatingMethodAccessorImpl.java:43)
	at java.lang.reflect.Method.invoke(Method.java:601)
	at org.jbehave.core.steps.StepCreator$ParameterisedStep.perform(StepCreator.java:550)
	at org.jbehave.core.embedder.StoryRunner$FineSoFar.run(StoryRunner.java:499)
	at org.jbehave.core.embedder.StoryRunner.runStepsWhileKeepingState(StoryRunner.java:479)
	at org.jbehave.core.embedder.StoryRunner.runScenarioSteps(StoryRunner.java:443)
	at org.jbehave.core.embedder.StoryRunner.runCancellable(StoryRunner.java:305)
	at org.jbehave.core.embedder.StoryRunner.run(StoryRunner.java:219)
	at org.jbehave.core.embedder.StoryRunner.run(StoryRunner.java:180)
	at org.jbehave.core.embedder.StoryManager$EnqueuedStory.call(StoryManager.java:229)
	at org.jbehave.core.embedder.StoryManager$EnqueuedStory.call(StoryManager.java:201)
	at java.util.concurrent.FutureTask$Sync.innerRun(FutureTask.java:334)
	at java.util.concurrent.FutureTask.run(FutureTask.java:166)
	at java.util.concurrent.ThreadPoolExecutor.runWorker(ThreadPoolExecutor.java:1145)
	at java.util.concurrent.ThreadPoolExecutor$Worker.run(ThreadPoolExecutor.java:615)
	at java.lang.Thread.run(Thread.java:722)
Caused by: net.thucydides.core.webdriver.WebdriverAssertionError: org.openqa.selenium.NoSuchElementException: Timed out after 30 seconds. Unable to locate the element
For documentation on this error, please visit: http://seleniumhq.org/exceptions/no_such_element.html
Build info: version: &apos;2.31.0&apos;, revision: &apos;1bd294d185a80fa4206dfeab80ba773c04ac33c0&apos;, time: &apos;2013-02-27 13:51:26&apos;
System info: os.name: &apos;Mac OS X&apos;, os.arch: &apos;x86_64&apos;, os.version: &apos;10.8.3&apos;, java.version: &apos;1.7.0_15&apos;
Driver info: driver.version: unknown
	at org.openqa.selenium.support.pagefactory.AjaxElementLocator.findElements(AjaxElementLocator.java:87)
	at org.openqa.selenium.support.pagefactory.internal.LocatingElementListHandler.invoke(LocatingElementListHandler.java:35)
	at com.sun.proxy.$Proxy19.iterator(Unknown Source)
	at ch.lambdaj.util.iterator.IteratorFactory.asIterator(IteratorFactory.java:50)
	at ch.lambdaj.Lambda.convertIterator(Lambda.java:999)
	at ch.lambdaj.Lambda.convert(Lambda.java:986)
	at ch.lambdaj.Lambda.extract(Lambda.java:1035)
	at net.thucydides.showcase.pages.DictionaryPage.getDefinitions(DictionaryPage.java:39)
	at net.thucydides.showcase.steps.ReaderSteps.should_see_a_definition_containing(ReaderSteps.java:32)
	at net.thucydides.showcase.steps.ReaderSteps$$EnhancerByCGLIB$$65de4235.CGLIB$should_see_a_definition_containing$2(&lt;generated&gt;)
	at net.thucydides.showcase.steps.ReaderSteps$$EnhancerByCGLIB$$65de4235$$FastClassByCGLIB$$1e7616c3.invoke(&lt;generated&gt;)
	at net.sf.cglib.proxy.MethodProxy.invokeSuper(MethodProxy.java:228)
	at net.thucydides.core.steps.StepInterceptor.executeTestStepMethod(StepInterceptor.java:280)
	at net.thucydides.core.steps.StepInterceptor.runTestStep(StepInterceptor.java:254)
	... 22 more
Caused by: org.openqa.selenium.NoSuchElementException: Timed out after 30 seconds. Unable to locate the element
For documentation on this error, please visit: http://seleniumhq.org/exceptions/no_such_element.html
Build info: version: &apos;2.31.0&apos;, revision: &apos;1bd294d185a80fa4206dfeab80ba773c04ac33c0&apos;, time: &apos;2013-02-27 13:51:26&apos;
System info: os.name: &apos;Mac OS X&apos;, os.arch: &apos;x86_64&apos;, os.version: &apos;10.8.3&apos;, java.version: &apos;1.7.0_15&apos;
Driver info: driver.version: unknown
	... 36 more
Caused by: org.openqa.selenium.NoSuchElementException: Element is not usable
For documentation on this error, please visit: http://seleniumhq.org/exceptions/no_such_element.html
Build info: version: &apos;2.31.0&apos;, revision: &apos;1bd294d185a80fa4206dfeab80ba773c04ac33c0&apos;, time: &apos;2013-02-27 13:51:26&apos;
System info: os.name: &apos;Mac OS X&apos;, os.arch: &apos;x86_64&apos;, os.version: &apos;10.8.3&apos;, java.version: &apos;1.7.0_15&apos;
Driver info: driver.version: unknown
	at org.openqa.selenium.support.pagefactory.AjaxElementLocator$SlowLoadingElementList.isLoaded(AjaxElementLocator.java:187)
	at org.openqa.selenium.support.ui.SlowLoadableComponent.get(SlowLoadableComponent.java:70)
	at org.openqa.selenium.support.pagefactory.AjaxElementLocator.findElements(AjaxElementLocator.java:85)
	... 35 more
</exception>
    </test-step>
  </test-group>
</acceptance-test-run>