<acceptance-test-run title="Looking up the definition of various words" name="Looking up the definition of various words" steps="12" successful="10" failures="2" skipped="0" ignored="0" pending="0" result="ERROR" duration="128213">
  <user-story id="lookup_definitions" name="Lookup definitions" path="stories/learn_word_definitions/lookup_definitions.story"/>
  <tags>
    <tag name="Learn word definitions" type="capability"/>
    <tag name="Lookup definitions" type="story"/>
  </tags>
  <examples>
    <headers>
      <header>word</header>
      <header>definition</header>
    </headers>
    <rows>
      <row result="FAILURE">
        <value>apple</value>
        <value>A common, round fruit</value>
      </row>
      <row result="FAILURE">
        <value>banana</value>
        <value>An elongated curved fruit</value>
      </row>
      <row result="SUCCESS">
        <value>pear</value>
        <value>An edible fruit produced by the pear tree</value>
      </row>
    </rows>
  </examples>
  <test-group name="[1] {word=apple, definition=A common, round fruit}" result="FAILURE">
    <screenshots>
      <screenshot image="screenshot-172b22ac63e7ec909ba1874884c77541f0356f685a1fb5eefbd458c9e649a4e515.png"/>
    </screenshots>
    <test-group name="Given the user does not know the meaning of the word &apos;{apple}&apos;" result="SUCCESS">
      <screenshots>
        <screenshot image="screenshot-adcbc0705586f4ba652f2e5c046dc48be057b9463371d42964ef5522eec0c30f16.png"/>
      </screenshots>
      <test-step result="SUCCESS" duration="3827">
        <screenshots>
          <screenshot image="screenshot-eda6387de3a04fa33b9e1cb824a81f2d0e42bb995544f8448db26a2cb4d8e3b418.png"/>
        </screenshots>
        <description>Consults the online dictionary</description>
      </test-step>
    </test-group>
    <test-group name="When the user looks up the definition of the word &apos;{apple}&apos;" result="SUCCESS">
      <screenshots>
        <screenshot image="screenshot-1075dc774a386e3d869767187b0d61e4110e2b6a61b37101fa57cccca1a1cebf20.png"/>
      </screenshots>
      <test-group name="Looks up the definition of: {apple}" result="SUCCESS">
        <screenshots>
          <screenshot image="screenshot-16275de7deac4183e1195e7ebc477179d5c974ff67224aa2cc36041dcee7987121.png"/>
        </screenshots>
        <test-step result="SUCCESS" duration="1141">
          <screenshots>
            <screenshot image="screenshot-f212e728d3a4e4cdcdf69bfdc951e0dc87c7846f1d4a1c487d9cf3fad542b88923.png"/>
          </screenshots>
          <description>Enters: {apple}</description>
        </test-step>
        <test-step result="SUCCESS" duration="36040">
          <screenshots>
            <screenshot image="screenshot-a073552d1159175b376073fd46e10ed20c3462cc77ea0c31687d9619e535c63324.png"/>
            <screenshot image="screenshot-a073552d1159175b376073fd46e10ed20c3462cc77ea0c31687d9619e535c63325.png"/>
          </screenshots>
          <description>Starts search</description>
        </test-step>
      </test-group>
    </test-group>
    <test-group name="Then they should obtain a definition containing the words &apos;｟A common, round fruit｠&apos;" result="FAILURE">
      <screenshots>
        <screenshot image="screenshot-37a63031108c4cb18a6bafe5878982add300ae446275d985891d879c90b20c8028.png"/>
      </screenshots>
      <test-step result="FAILURE" duration="30181">
        <screenshots>
          <screenshot image="screenshot-a05ad8a00f9a8f5c6d0ba099eba2560264698c5b453c2be9ed356f10faf5acd429.png"/>
        </screenshots>
        <description>Should see a definition containing: {A common, round fruit}</description>
        <error>org.openqa.selenium.NoSuchElementException: Timed out after 30 seconds. Unable to locate the element
For documentation on this error, please visit: http://seleniumhq.org/exceptions/no_such_element.html
Build info: version: &apos;2.31.0&apos;, revision: &apos;1bd294d185a80fa4206dfeab80ba773c04ac33c0&apos;, time: &apos;2013-02-27 13:51:26&apos;
System info: os.name: &apos;Mac OS X&apos;, os.arch: &apos;x86_64&apos;, os.version: &apos;10.8.3&apos;, java.version: &apos;1.7.0_15&apos;
Driver info: driver.version: unknown</error>
        <exception>net.thucydides.core.steps.StepFailureException: org.openqa.selenium.NoSuchElementException: Timed out after 30 seconds. Unable to locate the element
For documentation on this error, please visit: http://seleniumhq.org/exceptions/no_such_element.html
Build info: version: &apos;2.31.0&apos;, revision: &apos;1bd294d185a80fa4206dfeab80ba773c04ac33c0&apos;, time: &apos;2013-02-27 13:51:26&apos;
System info: os.name: &apos;Mac OS X&apos;, os.arch: &apos;x86_64&apos;, os.version: &apos;10.8.3&apos;, java.version: &apos;1.7.0_15&apos;
Driver info: driver.version: unknown
	at net.thucydides.core.steps.BaseStepListener.recordFailureDetailsInFailingTestStep(BaseStepListener.java:438)
	at net.thucydides.core.steps.BaseStepListener.stepFailed(BaseStepListener.java:426)
	at net.thucydides.core.steps.StepEventBus.stepFailed(StepEventBus.java:293)
	at net.thucydides.core.steps.StepInterceptor.notifyOfStepFailure(StepInterceptor.java:360)
	at net.thucydides.core.steps.StepInterceptor.logStepFailure(StepInterceptor.java:274)
	at net.thucydides.core.steps.StepInterceptor.runTestStep(StepInterceptor.java:262)
	at net.thucydides.core.steps.StepInterceptor.testStepResult(StepInterceptor.java:125)
	at net.thucydides.core.steps.StepInterceptor.intercept(StepInterceptor.java:51)
	at net.thucydides.showcase.steps.ReaderSteps$$EnhancerByCGLIB$$65de4235.should_see_a_definition_containing(&lt;generated&gt;)
	at net.thucydides.showcase.jbehave.DefinitionSteps.thenTheyShouldSeeADefinitionContainingTheWords(DefinitionSteps.java:30)
	at sun.reflect.NativeMethodAccessorImpl.invoke0(Native Method)
	at sun.reflect.NativeMethodAccessorImpl.invoke(NativeMethodAccessorImpl.java:57)
	at sun.reflect.DelegatingMethodAccessorImpl.invoke(DelegatingMethodAccessorImpl.java:43)
	at java.lang.reflect.Method.invoke(Method.java:601)
	at org.jbehave.core.steps.StepCreator$ParameterisedStep.perform(StepCreator.java:550)
	at org.jbehave.core.embedder.StoryRunner$FineSoFar.run(StoryRunner.java:499)
	at org.jbehave.core.embedder.StoryRunner.runStepsWhileKeepingState(StoryRunner.java:479)
	at org.jbehave.core.embedder.StoryRunner.runScenarioSteps(StoryRunner.java:443)
	at org.jbehave.core.embedder.StoryRunner.runScenariosParametrisedByExamples(StoryRunner.java:412)
	at org.jbehave.core.embedder.StoryRunner.runCancellable(StoryRunner.java:301)
	at org.jbehave.core.embedder.StoryRunner.run(StoryRunner.java:219)
	at org.jbehave.core.embedder.StoryRunner.run(StoryRunner.java:180)
	at org.jbehave.core.embedder.StoryManager$EnqueuedStory.call(StoryManager.java:229)
	at org.jbehave.core.embedder.StoryManager$EnqueuedStory.call(StoryManager.java:201)
	at java.util.concurrent.FutureTask$Sync.innerRun(FutureTask.java:334)
	at java.util.concurrent.FutureTask.run(FutureTask.java:166)
	at java.util.concurrent.ThreadPoolExecutor.runWorker(ThreadPoolExecutor.java:1145)
	at java.util.concurrent.ThreadPoolExecutor$Worker.run(ThreadPoolExecutor.java:615)
	at java.lang.Thread.run(Thread.java:722)
Caused by: net.thucydides.core.webdriver.WebdriverAssertionError: org.openqa.selenium.NoSuchElementException: Timed out after 30 seconds. Unable to locate the element
For documentation on this error, please visit: http://seleniumhq.org/exceptions/no_such_element.html
Build info: version: &apos;2.31.0&apos;, revision: &apos;1bd294d185a80fa4206dfeab80ba773c04ac33c0&apos;, time: &apos;2013-02-27 13:51:26&apos;
System info: os.name: &apos;Mac OS X&apos;, os.arch: &apos;x86_64&apos;, os.version: &apos;10.8.3&apos;, java.version: &apos;1.7.0_15&apos;
Driver info: driver.version: unknown
	at org.openqa.selenium.support.pagefactory.AjaxElementLocator.findElements(AjaxElementLocator.java:87)
	at org.openqa.selenium.support.pagefactory.internal.LocatingElementListHandler.invoke(LocatingElementListHandler.java:35)
	at com.sun.proxy.$Proxy19.iterator(Unknown Source)
	at ch.lambdaj.util.iterator.IteratorFactory.asIterator(IteratorFactory.java:50)
	at ch.lambdaj.Lambda.convertIterator(Lambda.java:999)
	at ch.lambdaj.Lambda.convert(Lambda.java:986)
	at ch.lambdaj.Lambda.extract(Lambda.java:1035)
	at net.thucydides.showcase.pages.DictionaryPage.getDefinitions(DictionaryPage.java:39)
	at net.thucydides.showcase.steps.ReaderSteps.should_see_a_definition_containing(ReaderSteps.java:32)
	at net.thucydides.showcase.steps.ReaderSteps$$EnhancerByCGLIB$$65de4235.CGLIB$should_see_a_definition_containing$2(&lt;generated&gt;)
	at net.thucydides.showcase.steps.ReaderSteps$$EnhancerByCGLIB$$65de4235$$FastClassByCGLIB$$1e7616c3.invoke(&lt;generated&gt;)
	at net.sf.cglib.proxy.MethodProxy.invokeSuper(MethodProxy.java:228)
	at net.thucydides.core.steps.StepInterceptor.executeTestStepMethod(StepInterceptor.java:280)
	at net.thucydides.core.steps.StepInterceptor.runTestStep(StepInterceptor.java:254)
	... 23 more
Caused by: org.openqa.selenium.NoSuchElementException: Timed out after 30 seconds. Unable to locate the element
For documentation on this error, please visit: http://seleniumhq.org/exceptions/no_such_element.html
Build info: version: &apos;2.31.0&apos;, revision: &apos;1bd294d185a80fa4206dfeab80ba773c04ac33c0&apos;, time: &apos;2013-02-27 13:51:26&apos;
System info: os.name: &apos;Mac OS X&apos;, os.arch: &apos;x86_64&apos;, os.version: &apos;10.8.3&apos;, java.version: &apos;1.7.0_15&apos;
Driver info: driver.version: unknown
	... 37 more
Caused by: org.openqa.selenium.NoSuchElementException: Unable to locate the element
For documentation on this error, please visit: http://seleniumhq.org/exceptions/no_such_element.html
Build info: version: &apos;2.31.0&apos;, revision: &apos;1bd294d185a80fa4206dfeab80ba773c04ac33c0&apos;, time: &apos;2013-02-27 13:51:26&apos;
System info: os.name: &apos;Mac OS X&apos;, os.arch: &apos;x86_64&apos;, os.version: &apos;10.8.3&apos;, java.version: &apos;1.7.0_15&apos;
Driver info: driver.version: unknown
	at org.openqa.selenium.support.pagefactory.AjaxElementLocator$SlowLoadingElementList.isLoaded(AjaxElementLocator.java:183)
	at org.openqa.selenium.support.ui.SlowLoadableComponent.get(SlowLoadableComponent.java:70)
	at org.openqa.selenium.support.pagefactory.AjaxElementLocator.findElements(AjaxElementLocator.java:85)
	... 36 more
</exception>
      </test-step>
    </test-group>
  </test-group>
  <test-group name="[2] {word=banana, definition=An elongated curved fruit}" result="FAILURE">
    <screenshots>
      <screenshot image="screenshot-348d440f9711c3bd9a29bc94f493c397eb816340c8927abc918e586ffe8153e532.png"/>
    </screenshots>
    <test-group name="Given the user does not know the meaning of the word &apos;{banana}&apos;" result="SUCCESS">
      <screenshots>
        <screenshot image="screenshot-adcbc0705586f4ba652f2e5c046dc48be057b9463371d42964ef5522eec0c30f33.png"/>
      </screenshots>
      <test-step result="SUCCESS" duration="2733">
        <screenshots>
          <screenshot image="screenshot-eda6387de3a04fa33b9e1cb824a81f2d0e42bb995544f8448db26a2cb4d8e3b435.png"/>
        </screenshots>
        <description>Consults the online dictionary</description>
      </test-step>
    </test-group>
    <test-group name="When the user looks up the definition of the word &apos;{banana}&apos;" result="SUCCESS">
      <screenshots>
        <screenshot image="screenshot-1075dc774a386e3d869767187b0d61e4110e2b6a61b37101fa57cccca1a1cebf37.png"/>
      </screenshots>
      <test-group name="Looks up the definition of: {banana}" result="SUCCESS">
        <screenshots>
          <screenshot image="screenshot-0c2851ebd79acb54eaaa001679c98c4beff5685bf4c71dcdc63fcd4674823d8b38.png"/>
        </screenshots>
        <test-step result="SUCCESS" duration="1023">
          <screenshots>
            <screenshot image="screenshot-4b3849f5619ef0acee942d6201d72eb39ff03b44702edd6a608815ec50c51b9140.png"/>
          </screenshots>
          <description>Enters: {banana}</description>
        </test-step>
        <test-step result="SUCCESS" duration="3293">
          <screenshots>
            <screenshot image="screenshot-a073552d1159175b376073fd46e10ed20c3462cc77ea0c31687d9619e535c63341.png"/>
            <screenshot image="screenshot-a073552d1159175b376073fd46e10ed20c3462cc77ea0c31687d9619e535c63342.png"/>
          </screenshots>
          <description>Starts search</description>
        </test-step>
      </test-group>
    </test-group>
    <test-group name="Then they should obtain a definition containing the words &apos;｟An elongated curved fruit｠&apos;" result="FAILURE">
      <screenshots>
        <screenshot image="screenshot-37a63031108c4cb18a6bafe5878982add300ae446275d985891d879c90b20c8045.png"/>
      </screenshots>
      <test-step result="FAILURE" duration="31454">
        <screenshots>
          <screenshot image="screenshot-5b578b5edd806a92dd8b08e29d3e96e285626b21d32bb231e7ca8b50306c62d246.png"/>
        </screenshots>
        <description>Should see a definition containing: {An elongated curved fruit}</description>
        <error>org.openqa.selenium.NoSuchElementException: Timed out after 30 seconds. Unable to locate the element
For documentation on this error, please visit: http://seleniumhq.org/exceptions/no_such_element.html
Build info: version: &apos;2.31.0&apos;, revision: &apos;1bd294d185a80fa4206dfeab80ba773c04ac33c0&apos;, time: &apos;2013-02-27 13:51:26&apos;
System info: os.name: &apos;Mac OS X&apos;, os.arch: &apos;x86_64&apos;, os.version: &apos;10.8.3&apos;, java.version: &apos;1.7.0_15&apos;
Driver info: driver.version: unknown</error>
        <exception>net.thucydides.core.steps.StepFailureException: org.openqa.selenium.NoSuchElementException: Timed out after 30 seconds. Unable to locate the element
For documentation on this error, please visit: http://seleniumhq.org/exceptions/no_such_element.html
Build info: version: &apos;2.31.0&apos;, revision: &apos;1bd294d185a80fa4206dfeab80ba773c04ac33c0&apos;, time: &apos;2013-02-27 13:51:26&apos;
System info: os.name: &apos;Mac OS X&apos;, os.arch: &apos;x86_64&apos;, os.version: &apos;10.8.3&apos;, java.version: &apos;1.7.0_15&apos;
Driver info: driver.version: unknown
	at net.thucydides.core.steps.BaseStepListener.recordFailureDetailsInFailingTestStep(BaseStepListener.java:438)
	at net.thucydides.core.steps.BaseStepListener.stepFailed(BaseStepListener.java:426)
	at net.thucydides.core.steps.StepEventBus.stepFailed(StepEventBus.java:293)
	at net.thucydides.core.steps.StepInterceptor.notifyOfStepFailure(StepInterceptor.java:360)
	at net.thucydides.core.steps.StepInterceptor.logStepFailure(StepInterceptor.java:274)
	at net.thucydides.core.steps.StepInterceptor.runTestStep(StepInterceptor.java:262)
	at net.thucydides.core.steps.StepInterceptor.testStepResult(StepInterceptor.java:125)
	at net.thucydides.core.steps.StepInterceptor.intercept(StepInterceptor.java:51)
	at net.thucydides.showcase.steps.ReaderSteps$$EnhancerByCGLIB$$65de4235.should_see_a_definition_containing(&lt;generated&gt;)
	at net.thucydides.showcase.jbehave.DefinitionSteps.thenTheyShouldSeeADefinitionContainingTheWords(DefinitionSteps.java:30)
	at sun.reflect.NativeMethodAccessorImpl.invoke0(Native Method)
	at sun.reflect.NativeMethodAccessorImpl.invoke(NativeMethodAccessorImpl.java:57)
	at sun.reflect.DelegatingMethodAccessorImpl.invoke(DelegatingMethodAccessorImpl.java:43)
	at java.lang.reflect.Method.invoke(Method.java:601)
	at org.jbehave.core.steps.StepCreator$ParameterisedStep.perform(StepCreator.java:550)
	at org.jbehave.core.embedder.StoryRunner$FineSoFar.run(StoryRunner.java:499)
	at org.jbehave.core.embedder.StoryRunner.runStepsWhileKeepingState(StoryRunner.java:479)
	at org.jbehave.core.embedder.StoryRunner.runScenarioSteps(StoryRunner.java:443)
	at org.jbehave.core.embedder.StoryRunner.runScenariosParametrisedByExamples(StoryRunner.java:412)
	at org.jbehave.core.embedder.StoryRunner.runCancellable(StoryRunner.java:301)
	at org.jbehave.core.embedder.StoryRunner.run(StoryRunner.java:219)
	at org.jbehave.core.embedder.StoryRunner.run(StoryRunner.java:180)
	at org.jbehave.core.embedder.StoryManager$EnqueuedStory.call(StoryManager.java:229)
	at org.jbehave.core.embedder.StoryManager$EnqueuedStory.call(StoryManager.java:201)
	at java.util.concurrent.FutureTask$Sync.innerRun(FutureTask.java:334)
	at java.util.concurrent.FutureTask.run(FutureTask.java:166)
	at java.util.concurrent.ThreadPoolExecutor.runWorker(ThreadPoolExecutor.java:1145)
	at java.util.concurrent.ThreadPoolExecutor$Worker.run(ThreadPoolExecutor.java:615)
	at java.lang.Thread.run(Thread.java:722)
Caused by: net.thucydides.core.webdriver.WebdriverAssertionError: org.openqa.selenium.NoSuchElementException: Timed out after 30 seconds. Unable to locate the element
For documentation on this error, please visit: http://seleniumhq.org/exceptions/no_such_element.html
Build info: version: &apos;2.31.0&apos;, revision: &apos;1bd294d185a80fa4206dfeab80ba773c04ac33c0&apos;, time: &apos;2013-02-27 13:51:26&apos;
System info: os.name: &apos;Mac OS X&apos;, os.arch: &apos;x86_64&apos;, os.version: &apos;10.8.3&apos;, java.version: &apos;1.7.0_15&apos;
Driver info: driver.version: unknown
	at org.openqa.selenium.support.pagefactory.AjaxElementLocator.findElements(AjaxElementLocator.java:87)
	at org.openqa.selenium.support.pagefactory.internal.LocatingElementListHandler.invoke(LocatingElementListHandler.java:35)
	at com.sun.proxy.$Proxy19.iterator(Unknown Source)
	at ch.lambdaj.util.iterator.IteratorFactory.asIterator(IteratorFactory.java:50)
	at ch.lambdaj.Lambda.convertIterator(Lambda.java:999)
	at ch.lambdaj.Lambda.convert(Lambda.java:986)
	at ch.lambdaj.Lambda.extract(Lambda.java:1035)
	at net.thucydides.showcase.pages.DictionaryPage.getDefinitions(DictionaryPage.java:39)
	at net.thucydides.showcase.steps.ReaderSteps.should_see_a_definition_containing(ReaderSteps.java:32)
	at net.thucydides.showcase.steps.ReaderSteps$$EnhancerByCGLIB$$65de4235.CGLIB$should_see_a_definition_containing$2(&lt;generated&gt;)
	at net.thucydides.showcase.steps.ReaderSteps$$EnhancerByCGLIB$$65de4235$$FastClassByCGLIB$$1e7616c3.invoke(&lt;generated&gt;)
	at net.sf.cglib.proxy.MethodProxy.invokeSuper(MethodProxy.java:228)
	at net.thucydides.core.steps.StepInterceptor.executeTestStepMethod(StepInterceptor.java:280)
	at net.thucydides.core.steps.StepInterceptor.runTestStep(StepInterceptor.java:254)
	... 23 more
Caused by: org.openqa.selenium.NoSuchElementException: Timed out after 30 seconds. Unable to locate the element
For documentation on this error, please visit: http://seleniumhq.org/exceptions/no_such_element.html
Build info: version: &apos;2.31.0&apos;, revision: &apos;1bd294d185a80fa4206dfeab80ba773c04ac33c0&apos;, time: &apos;2013-02-27 13:51:26&apos;
System info: os.name: &apos;Mac OS X&apos;, os.arch: &apos;x86_64&apos;, os.version: &apos;10.8.3&apos;, java.version: &apos;1.7.0_15&apos;
Driver info: driver.version: unknown
	... 37 more
Caused by: org.openqa.selenium.NoSuchElementException: Element is not usable
For documentation on this error, please visit: http://seleniumhq.org/exceptions/no_such_element.html
Build info: version: &apos;2.31.0&apos;, revision: &apos;1bd294d185a80fa4206dfeab80ba773c04ac33c0&apos;, time: &apos;2013-02-27 13:51:26&apos;
System info: os.name: &apos;Mac OS X&apos;, os.arch: &apos;x86_64&apos;, os.version: &apos;10.8.3&apos;, java.version: &apos;1.7.0_15&apos;
Driver info: driver.version: unknown
	at org.openqa.selenium.support.pagefactory.AjaxElementLocator$SlowLoadingElementList.isLoaded(AjaxElementLocator.java:187)
	at org.openqa.selenium.support.ui.SlowLoadableComponent.get(SlowLoadableComponent.java:70)
	at org.openqa.selenium.support.pagefactory.AjaxElementLocator.findElements(AjaxElementLocator.java:85)
	... 36 more
</exception>
      </test-step>
    </test-group>
  </test-group>
  <test-group name="[3] {word=pear, definition=An edible fruit produced by the pear tree}" result="SUCCESS">
    <screenshots>
      <screenshot image="screenshot-60b6b471a55bb19c895106b25733178a1f82ce966407e34666b7b0dfa535e24b49.png"/>
    </screenshots>
    <test-group name="Given the user does not know the meaning of the word &apos;{pear}&apos;" result="SUCCESS">
      <screenshots>
        <screenshot image="screenshot-adcbc0705586f4ba652f2e5c046dc48be057b9463371d42964ef5522eec0c30f50.png"/>
      </screenshots>
      <test-step result="SUCCESS" duration="3177">
        <screenshots>
          <screenshot image="screenshot-eda6387de3a04fa33b9e1cb824a81f2d0e42bb995544f8448db26a2cb4d8e3b452.png"/>
        </screenshots>
        <description>Consults the online dictionary</description>
      </test-step>
    </test-group>
    <test-group name="When the user looks up the definition of the word &apos;{pear}&apos;" result="SUCCESS">
      <screenshots>
        <screenshot image="screenshot-1075dc774a386e3d869767187b0d61e4110e2b6a61b37101fa57cccca1a1cebf54.png"/>
      </screenshots>
      <test-group name="Looks up the definition of: {pear}" result="SUCCESS">
        <screenshots>
          <screenshot image="screenshot-4f3604ef64e7d58c400d89cfbc41df523c4c8b06b91240876639f585ac0dc39355.png"/>
        </screenshots>
        <test-step result="SUCCESS" duration="1311">
          <screenshots>
            <screenshot image="screenshot-3119f5f64893236b05b475a4beaa98ce9a4b461a32492c9760854afe6808106a57.png"/>
          </screenshots>
          <description>Enters: {pear}</description>
        </test-step>
        <test-step result="SUCCESS" duration="4278">
          <screenshots>
            <screenshot image="screenshot-a073552d1159175b376073fd46e10ed20c3462cc77ea0c31687d9619e535c63358.png"/>
            <screenshot image="screenshot-a073552d1159175b376073fd46e10ed20c3462cc77ea0c31687d9619e535c63359.png"/>
          </screenshots>
          <description>Starts search</description>
        </test-step>
      </test-group>
    </test-group>
    <test-group name="Then they should obtain a definition containing the words &apos;{An edible fruit produced by the pear tree}&apos;" result="SUCCESS">
      <screenshots>
        <screenshot image="screenshot-37a63031108c4cb18a6bafe5878982add300ae446275d985891d879c90b20c8062.png"/>
      </screenshots>
      <test-step result="SUCCESS" duration="912">
        <screenshots>
          <screenshot image="screenshot-148da172069c8f914437daa08a7c591c929c2a988e9d883b2da0270a60b4f63f63.png"/>
        </screenshots>
        <description>Should see a definition containing: {An edible fruit produced by the pear tree}</description>
      </test-step>
    </test-group>
  </test-group>
</acceptance-test-run>